2023-09-23 12:04:41,446:INFO:---- APPLICATION START (current date/time is: 2023-09-23 12:04:41.446846) ----
2023-09-23 12:04:41,446:INFO:Main method executing
2023-09-23 12:04:41,624:INFO:Select the assignments folder...
2023-09-23 12:04:49,675:INFO:Selected folder: /Users/steven/Downloads/assignments
2023-09-23 12:04:49,675:INFO:Select the grading criteria text file...
2023-09-23 12:04:57,886:INFO:Selected file: /Users/steven/Documents/GRCC/Grading Criteria/CIS116_Grading_Criteria.txt
2023-09-23 12:04:57,887:INFO:Creating chat message for open ai
2023-09-23 12:04:57,888:INFO:Generating the chat completion message
2023-09-23 12:05:00,170:INFO:Returning the completed message
2023-09-23 12:05:00,171:INFO:Writing grades to a file...
2023-09-23 12:05:00,172:INFO:Deleting prior grading file
2023-09-23 12:05:00,173:INFO:Graded HelloWorld.Py for Gru Minion
2023-09-23 12:05:00,173:INFO:Creating chat message for open ai
2023-09-23 12:05:00,173:INFO:Generating the chat completion message
2023-09-23 12:05:04,061:INFO:Returning the completed message
2023-09-23 12:05:04,061:INFO:Writing grades to a file...
2023-09-23 12:05:04,061:INFO:Graded HelloWorld.Py for Katie Tester
2023-09-23 12:05:04,062:INFO:Creating chat message for open ai
2023-09-23 12:05:04,063:INFO:Generating the chat completion message
2023-09-23 12:05:10,161:INFO:Returning the completed message
2023-09-23 12:05:10,163:INFO:Writing grades to a file...
2023-09-23 12:05:10,163:INFO:Graded Hello world.py for Bob Evans
2023-09-23 12:05:10,164:INFO:Creating chat message for open ai
2023-09-23 12:05:10,164:INFO:Generating the chat completion message
2023-09-23 12:05:14,002:INFO:Returning the completed message
2023-09-23 12:05:14,002:INFO:Writing grades to a file...
2023-09-23 12:05:14,003:INFO:Graded HelloWorld.Py for Steven Wangler
2023-09-23 12:05:16,873:INFO:Grading completed! Check downloads folder for results.
